<?xml version="1.0" encoding="UTF-8"?>
<testsuite xmlns:xsi="http://www.w3.org/2001/XMLSchema-instance" xsi:noNamespaceSchemaLocation="https://maven.apache.org/surefire/maven-surefire-plugin/xsd/surefire-test-report.xsd" name="com.dev.cicd.data.DataApplicationTests" time="1.583" tests="2" errors="1" skipped="0" failures="0">
  <properties>
[...]
</properties>
  <testcase name="contextLoads" classname="com.dev.cicd.data.DataApplicationTests" time="0"/>
  <testcase name="applicationContextTest" classname="com.dev.cicd.data.DataApplicationTests" time="1.582">
    <error message="Failed to start bean &apos;webServerStartStop&apos;; nested exception is org.springframework.boot.web.server.PortInUseException: Port 5000 is already in use" type="org.springframework.context.ApplicationContextException">org.springframework.context.ApplicationContextException: Failed to start bean 'webServerStartStop'; nested exception is org.springframework.boot.web.server.PortInUseException: Port 5000 is already in use
	at com.dev.cicd.data.DataApplicationTests.applicationContextTest(DataApplicationTests.java:16)
Caused by: org.springframework.boot.web.server.PortInUseException: Port 5000 is already in use
	at com.dev.cicd.data.DataApplicationTests.applicationContextTest(DataApplicationTests.java:16)
Caused by: java.lang.IllegalArgumentException: standardService.connector.startFailed
	at com.dev.cicd.data.DataApplicationTests.applicationContextTest(DataApplicationTests.java:16)
Caused by: org.apache.catalina.LifecycleException: Protocol handler start failed
	at com.dev.cicd.data.DataApplicationTests.applicationContextTest(DataApplicationTests.java:16)
Caused by: java.net.BindException: Address already in use: bind
	at com.dev.cicd.data.DataApplicationTests.applicationContextTest(DataApplicationTests.java:16)
</error>
    <system-out><![CDATA[
  .   ____          _            __ _ _
 /\\ / ___'_ __ _ _(_)_ __  __ _ \ \ \ \
( ( )\___ | '_ | '_| | '_ \/ _` | \ \ \ \
 \\/  ___)| |_)| | | | | || (_| |  ) ) ) )
  '  |____| .__|_| |_|_| |_\__, | / / / /
 =========|_|==============|___/=/_/_/_/
 :: Spring Boot ::                (v2.4.5)

2024-11-30 20:58:23.415  INFO 6232 --- [           main] com.dev.cicd.data.DataApplication        : Starting DataApplication using Java 19 on MSI with PID 6232 (started by Admin in F:\HK7\AdvancedWeb\Seminar\Hands-on-ci-cd-for-springboot-apps)
2024-11-30 20:58:23.416  INFO 6232 --- [           main] com.dev.cicd.data.DataApplication        : No active profile set, falling back to default profiles: default
2024-11-30 20:58:24.258  INFO 6232 --- [           main] o.s.b.w.embedded.tomcat.TomcatWebServer  : Tomcat initialized with port(s): 5000 (http)
2024-11-30 20:58:24.282  INFO 6232 --- [           main] o.apache.catalina.core.StandardService   : Starting service [Tomcat]
2024-11-30 20:58:24.283  INFO 6232 --- [           main] org.apache.catalina.core.StandardEngine  : Starting Servlet engine: [Apache Tomcat/9.0.45]
2024-11-30 20:58:24.506  INFO 6232 --- [           main] o.a.c.c.C.[Tomcat].[localhost].[/]       : Initializing Spring embedded WebApplicationContext
2024-11-30 20:58:24.506  INFO 6232 --- [           main] w.s.c.ServletWebServerApplicationContext : Root WebApplicationContext: initialization completed in 1087 ms
2024-11-30 20:58:24.663  INFO 6232 --- [           main] o.s.s.concurrent.ThreadPoolTaskExecutor  : Initializing ExecutorService 'applicationTaskExecutor'
2024-11-30 20:58:24.864  WARN 6232 --- [           main] ConfigServletWebServerApplicationContext : Exception encountered during context initialization - cancelling refresh attempt: org.springframework.context.ApplicationContextException: Failed to start bean 'webServerStartStop'; nested exception is org.springframework.boot.web.server.PortInUseException: Port 5000 is already in use
2024-11-30 20:58:24.865  INFO 6232 --- [           main] o.s.s.concurrent.ThreadPoolTaskExecutor  : Shutting down ExecutorService 'applicationTaskExecutor'
2024-11-30 20:58:24.867  INFO 6232 --- [           main] o.apache.catalina.core.StandardService   : Stopping service [Tomcat]
2024-11-30 20:58:24.888  INFO 6232 --- [           main] ConditionEvaluationReportLoggingListener : 

Error starting ApplicationContext. To display the conditions report re-run your application with 'debug' enabled.
2024-11-30 20:58:24.917 ERROR 6232 --- [           main] o.s.b.d.LoggingFailureAnalysisReporter   : 

***************************
APPLICATION FAILED TO START
***************************

Description:

Web server failed to start. Port 5000 was already in use.

Action:

Identify and stop the process that's listening on port 5000 or configure this application to listen on another port.

]]></system-out>
  </testcase>
</testsuite>